In undefined env !
Redis version greater than or equal to 2.8.18 Required !
No Docker required !
Server running on PORT 5000 7/13/2023, 8:51:42 PM
Database Connected !!!
In undefined env !
Redis version greater than or equal to 2.8.18 Required !
No Docker required !
Server running on PORT 5000 7/13/2023, 8:52:24 PM
Database Connected !!!
In undefined env !
Redis version greater than or equal to 2.8.18 Required !
No Docker required !
Server running on PORT 5000 7/13/2023, 8:53:56 PM
Database Connected !!!
GET /loggedIn 7/13/2023, 8:54:40 PM
GET /problems 7/13/2023, 8:54:40 PM
GET /leaderboard 7/13/2023, 8:54:49 PM
GET /leaderboard 7/13/2023, 8:55:20 PM
POST /login 7/13/2023, 8:55:34 PM
GET /loggedIn 7/13/2023, 8:55:35 PM
In undefined env !
Redis version greater than or equal to 2.8.18 Required !
No Docker required !
Server running on PORT 5000 7/13/2023, 8:56:20 PM
Database Connected !!!
In undefined env !
Redis version greater than or equal to 2.8.18 Required !
No Docker required !
Server running on PORT 5000 7/13/2023, 8:56:35 PM
Database Connected !!!
In undefined env !
Redis version greater than or equal to 2.8.18 Required !
No Docker required !
Server running on PORT 5000 7/13/2023, 8:56:41 PM
Database Connected !!!
GET /loggedIn 7/13/2023, 8:56:54 PM
GET /problems 7/13/2023, 8:56:54 PM
In undefined env !
Redis version greater than or equal to 2.8.18 Required !
Server running on PORT 5000 7/13/2023, 8:57:51 PM
Database Connected !!!
In undefined env !
Redis version greater than or equal to 2.8.18 Required !
Server running on PORT 5000 7/13/2023, 8:58:21 PM
Database Connected !!!
In undefined env !
Redis version greater than or equal to 2.8.18 Required !
Server running on PORT 5000 7/13/2023, 8:58:54 PM
Database Connected !!!
In undefined env !
Redis version greater than or equal to 2.8.18 Required !
Server running on PORT 5000 7/13/2023, 8:59:18 PM
Database Connected !!!
GET /loggedIn 7/13/2023, 8:59:23 PM
GET /problems 7/13/2023, 8:59:23 PM
GET /leaderboard 7/13/2023, 8:59:26 PM
In undefined env !
Redis version greater than or equal to 2.8.18 Required !
Server running on PORT 5000 7/13/2023, 9:00:25 PM
Database Connected !!!
POST /problems/64aec6b8b68c5411d8ce1362 7/13/2023, 9:01:08 PM
GET /status/64b018bd732d5c3a896a26be 7/13/2023, 9:01:11 PM
GET /status/64b018bd732d5c3a896a26be 7/13/2023, 9:01:12 PM
GET /status/64b018bd732d5c3a896a26be 7/13/2023, 9:01:13 PM
Unlinked : bfcbfb16-1528-41a8-91b1-dc97334e5541.cpp
Unlinked : bfcbfb16-1528-41a8-91b1-dc97334e5541.out
GET /status/64b018bd732d5c3a896a26be 7/13/2023, 9:01:14 PM
POST /problems/64aec6b8b68c5411d8ce1362 7/13/2023, 9:01:26 PM
GET /status/64b018cf732d5c3a896a26d0 7/13/2023, 9:01:29 PM
GET /status/64b018cf732d5c3a896a26d0 7/13/2023, 9:01:30 PM
GET /status/64b018cf732d5c3a896a26d0 7/13/2023, 9:01:31 PM
Unlinked : 1d6c3bef-ec94-4653-9622-96857cd253df.cpp
Unlinked : 1d6c3bef-ec94-4653-9622-96857cd253df.out
GET /status/64b018cf732d5c3a896a26d0 7/13/2023, 9:01:32 PM
In undefined env !
Redis version greater than or equal to 2.8.18 Required !
Server running on PORT 5000 7/13/2023, 9:02:01 PM
Database Connected !!!
In undefined env !
Redis version greater than or equal to 2.8.18 Required !
Server running on PORT 5000 7/13/2023, 9:06:59 PM
Database Connected !!!
In undefined env !
Redis version greater than or equal to 2.8.18 Required !
Server running on PORT 5000 7/13/2023, 9:07:36 PM
Database Connected !!!
In undefined env !
Redis version greater than or equal to 2.8.18 Required !
Server running on PORT 5000 7/13/2023, 9:08:51 PM
Database Connected !!!
GET /leaderboard 7/13/2023, 9:09:45 PM
In undefined env !
Redis version greater than or equal to 2.8.18 Required !
Server running on PORT 5000 7/13/2023, 9:10:46 PM
Database Connected !!!
In undefined env !
Redis version greater than or equal to 2.8.18 Required !
Server running on PORT 5000 7/13/2023, 9:12:32 PM
Database Connected !!!
GET /loggedIn 7/13/2023, 9:12:38 PM
GET /problems 7/13/2023, 9:12:38 PM
GET /loggedIn 7/13/2023, 9:12:40 PM
GET /problems 7/13/2023, 9:12:40 PM
GET /leaderboard 7/13/2023, 9:12:47 PM
GET /loggedIn 7/13/2023, 9:12:54 PM
GET /problems 7/13/2023, 9:12:54 PM
GET /leaderboard 7/13/2023, 9:13:07 PM
In undefined env !
Redis version greater than or equal to 2.8.18 Required !
Server running on PORT 5000 7/13/2023, 9:13:43 PM
Database Connected !!!
GET /loggedIn 7/13/2023, 9:15:36 PM
GET /problems 7/13/2023, 9:15:36 PM
GET /leaderboard 7/13/2023, 9:15:40 PM
GET /leaderboard 7/13/2023, 9:15:50 PM
POST /problems/64b016867e36f6aa02f43a5d 7/13/2023, 9:17:38 PM
Unlinked : 2ac055e0-f800-42fc-95f4-c7a5b51de8a3.py
GET /status/64b01c9ac2ed1348bd6ce4df 7/13/2023, 9:17:40 PM
POST /problems/64b016867e36f6aa02f43a5d 7/13/2023, 9:17:54 PM
Unlinked : 9803fd82-742d-41af-a0e0-24c886916a7a.py
GET /status/64b01cabc2ed1348bd6ce4ea 7/13/2023, 9:17:57 PM
POST /problems/64b016867e36f6aa02f43a5d 7/13/2023, 9:18:17 PM
Unlinked : 9defe222-9114-4e11-a743-d3396a773396.cpp
GET /status/64b01cc1c2ed1348bd6ce4f5 7/13/2023, 9:18:19 PM
POST /problems/64b016867e36f6aa02f43a5d 7/13/2023, 9:18:28 PM
GET /status/64b01cccc2ed1348bd6ce500 7/13/2023, 9:18:30 PM
GET /status/64b01cccc2ed1348bd6ce500 7/13/2023, 9:18:31 PM
GET /status/64b01cccc2ed1348bd6ce500 7/13/2023, 9:18:32 PM
Unlinked : 159d1892-dee9-4fc4-8ee2-368ed1ee411f.cpp
Unlinked : 159d1892-dee9-4fc4-8ee2-368ed1ee411f.out
GET /status/64b01cccc2ed1348bd6ce500 7/13/2023, 9:18:33 PM
In undefined env !
Redis version greater than or equal to 2.8.18 Required !
Server running on PORT 5000 7/13/2023, 9:23:15 PM
Database Connected !!!
POST /problems/64b016867e36f6aa02f43a5d 7/13/2023, 9:23:23 PM
GET /status/64b01df4943cd85e6434046e 7/13/2023, 9:23:26 PM
GET /status/64b01df4943cd85e6434046e 7/13/2023, 9:23:27 PM
GET /status/64b01df4943cd85e6434046e 7/13/2023, 9:23:28 PM
Unlinked : 6b33bb70-aa7b-4916-9f95-413f844a468e.cpp
Unlinked : 6b33bb70-aa7b-4916-9f95-413f844a468e.out
GET /status/64b01df4943cd85e6434046e 7/13/2023, 9:23:29 PM
In undefined env !
Redis version greater than or equal to 2.8.18 Required !
Server running on PORT 5000 14/7/2023, 11:00:05 am
In undefined env !
Redis version greater than or equal to 2.8.18 Required !
Server running on PORT 5000 14/7/2023, 11:00:41 am
In undefined env !
Redis version greater than or equal to 2.8.18 Required !
Server running on PORT 5000 7/14/2023, 7:05:15 PM
Database Connected !!!
In undefined env !
Redis version greater than or equal to 2.8.18 Required !
Server running on PORT 5000 7/14/2023, 7:05:32 PM
Database Connected !!!
In undefined env !
Redis version greater than or equal to 2.8.18 Required !
Server running on PORT 5000 7/14/2023, 7:23:56 PM
Database Connected !!!
GET /loggedIn 7/14/2023, 7:30:25 PM
GET /problems 7/14/2023, 7:30:25 PM
GET /leaderboard 7/14/2023, 7:30:31 PM
GET /loggedIn 7/14/2023, 7:30:39 PM
GET /problems 7/14/2023, 7:30:39 PM
POST /problems/64aec6b8b68c5411d8ce1362 7/14/2023, 7:31:35 PM
Unlinked : 1132522b-7c7d-458e-9769-b7422e367b3a.c
Unlinked : 1132522b-7c7d-458e-9769-b7422e367b3a.out
GET /status/64b1553fa9d6ca62f2f7a9bb 7/14/2023, 7:31:37 PM
GET /leaderboard 7/14/2023, 7:31:47 PM
GET /leaderboard 7/14/2023, 7:31:53 PM
GET /leaderboard 7/14/2023, 7:32:02 PM
In undefined env !
Redis version greater than or equal to 2.8.18 Required !
Server running on PORT 5000 7/14/2023, 7:34:04 PM
Database Connected !!!
In undefined env !
Redis version greater than or equal to 2.8.18 Required !
Server running on PORT 5000 7/14/2023, 7:34:44 PM
Database Connected !!!
In undefined env !
Redis version greater than or equal to 2.8.18 Required !
Server running on PORT 5000 7/14/2023, 7:35:08 PM
In undefined env !
Redis version greater than or equal to 2.8.18 Required !
Server running on PORT 5000 7/14/2023, 7:35:10 PM
In undefined env !
Redis version greater than or equal to 2.8.18 Required !
Server running on PORT 5000 7/14/2023, 7:35:13 PM
Database Connected !!!
In undefined env !
Redis version greater than or equal to 2.8.18 Required !
Server running on PORT 5000 7/14/2023, 7:35:22 PM
Database Connected !!!
In undefined env !
Redis version greater than or equal to 2.8.18 Required !
Server running on PORT 5000 7/14/2023, 7:36:00 PM
Database Connected !!!
In undefined env !
Redis version greater than or equal to 2.8.18 Required !
Server running on PORT 5000 7/14/2023, 7:36:26 PM
Database Connected !!!
In undefined env !
Redis version greater than or equal to 2.8.18 Required !
Server running on PORT 5000 7/14/2023, 7:36:36 PM
Database Connected !!!
In undefined env !
Redis version greater than or equal to 2.8.18 Required !
Server running on PORT 5000 7/14/2023, 7:37:10 PM
Database Connected !!!
In undefined env !
Redis version greater than or equal to 2.8.18 Required !
Server running on PORT 5000 7/14/2023, 7:38:11 PM
Database Connected !!!
In undefined env !
Redis version greater than or equal to 2.8.18 Required !
Server running on PORT 5000 7/14/2023, 7:38:27 PM
Database Connected !!!
In undefined env !
Redis version greater than or equal to 2.8.18 Required !
Server running on PORT 5000 7/14/2023, 7:39:30 PM
Database Connected !!!
In undefined env !
Redis version greater than or equal to 2.8.18 Required !
Server running on PORT 5000 7/14/2023, 7:39:48 PM
Database Connected !!!
In undefined env !
Redis version greater than or equal to 2.8.18 Required !
Server running on PORT 5000 7/14/2023, 7:42:45 PM
Database Connected !!!
GET /loggedIn 7/14/2023, 7:42:56 PM
GET /problems 7/14/2023, 7:42:56 PM
In undefined env !
Redis version greater than or equal to 2.8.18 Required !
Server running on PORT 5000 7/14/2023, 7:46:15 PM
Database Connected !!!
GET /loggedIn 7/14/2023, 7:46:26 PM
GET /problems 7/14/2023, 7:46:26 PM
GET /loggedIn 7/14/2023, 7:55:10 PM
GET /problems 7/14/2023, 7:55:10 PM
GET /loggedIn 7/14/2023, 7:55:10 PM
GET /problems 7/14/2023, 7:55:12 PM
POST /problems/64b157dd6029e7ec447f5d6d 7/14/2023, 7:56:19 PM
GET /status/64b15b0b916380cc087435ae 7/14/2023, 7:56:21 PM
Unlinked : 90d88c98-427b-4440-8ffe-f40dee4ea35c.c
Unlinked : 90d88c98-427b-4440-8ffe-f40dee4ea35c.out
GET /status/64b15b0b916380cc087435ae 7/14/2023, 7:56:22 PM
POST /problems/64b157dd6029e7ec447f5d6d 7/14/2023, 7:58:51 PM
Unlinked : 32b1a97b-ac01-4765-aaed-e400f17af66d.c
Unlinked : 32b1a97b-ac01-4765-aaed-e400f17af66d.out
GET /status/64b15ba3916380cc087435b8 7/14/2023, 7:58:53 PM
POST /problems/64b157dd6029e7ec447f5d6d 7/14/2023, 7:59:53 PM
Unlinked : 9ab529d0-844f-45cc-9186-7f2383bb78c5.c
Unlinked : 9ab529d0-844f-45cc-9186-7f2383bb78c5.out
GET /status/64b15be1916380cc087435c1 7/14/2023, 7:59:55 PM
POST /problems/64b157dd6029e7ec447f5d6d 7/14/2023, 8:00:18 PM
Unlinked : abc752f5-c26c-455f-8fca-35789cc2528d.c
Unlinked : abc752f5-c26c-455f-8fca-35789cc2528d.out
GET /status/64b15bfa916380cc087435ca 7/14/2023, 8:00:20 PM
POST /problems/64b157dd6029e7ec447f5d6d 7/14/2023, 8:00:27 PM
Unlinked : a195e0d0-0b16-4197-8203-336e8771edb0.c
Unlinked : a195e0d0-0b16-4197-8203-336e8771edb0.out
GET /status/64b15c03916380cc087435d3 7/14/2023, 8:00:29 PM
POST /problems/64b157dd6029e7ec447f5d6d 7/14/2023, 8:01:54 PM
Unlinked : 742bcde2-d323-41bc-b1c2-31e086288463.c
Unlinked : 742bcde2-d323-41bc-b1c2-31e086288463.out
GET /status/64b15c5a916380cc087435de 7/14/2023, 8:01:56 PM
GET /problems 7/14/2023, 8:12:29 PM
GET /loggedIn 7/14/2023, 8:12:29 PM
GET /loggedIn 7/14/2023, 8:12:33 PM
GET /problems 7/14/2023, 8:12:33 PM
In undefined env !
Redis version greater than or equal to 2.8.18 Required !
Server running on PORT 5000 7/14/2023, 8:14:20 PM
Database Connected !!!
In undefined env !
Redis version greater than or equal to 2.8.18 Required !
Server running on PORT 5000 7/14/2023, 8:17:28 PM
Database Connected !!!
In undefined env !
Redis version greater than or equal to 2.8.18 Required !
Server running on PORT 5000 7/14/2023, 8:17:55 PM
Database Connected !!!
In undefined env !
Redis version greater than or equal to 2.8.18 Required !
Server running on PORT 5000 7/14/2023, 8:18:16 PM
Database Connected !!!
In undefined env !
Redis version greater than or equal to 2.8.18 Required !
Server running on PORT 5000 7/14/2023, 8:18:30 PM
Database Connected !!!
In undefined env !
Redis version greater than or equal to 2.8.18 Required !
Server running on PORT 5000 7/14/2023, 8:18:42 PM
Database Connected !!!
In undefined env !
Redis version greater than or equal to 2.8.18 Required !
Server running on PORT 5000 7/14/2023, 8:19:01 PM
Database Connected !!!
In undefined env !
Redis version greater than or equal to 2.8.18 Required !
Server running on PORT 5000 7/14/2023, 8:19:25 PM
Database Connected !!!
In undefined env !
Redis version greater than or equal to 2.8.18 Required !
Server running on PORT 5000 7/14/2023, 8:19:31 PM
Database Connected !!!
GET /problems 7/14/2023, 8:19:41 PM
GET /loggedIn 7/14/2023, 8:19:41 PM
GET /loggedIn 7/14/2023, 8:21:42 PM
GET /problems 7/14/2023, 8:21:42 PM
In undefined env !
Redis version greater than or equal to 2.8.18 Required !
Server running on PORT 5000 7/14/2023, 8:23:52 PM
Database Connected !!!
In undefined env !
Redis version greater than or equal to 2.8.18 Required !
Server running on PORT 5000 7/14/2023, 8:24:15 PM
Database Connected !!!
In undefined env !
Redis version greater than or equal to 2.8.18 Required !
Server running on PORT 5000 7/14/2023, 8:25:06 PM
Database Connected !!!
In undefined env !
Redis version greater than or equal to 2.8.18 Required !
Server running on PORT 5000 7/14/2023, 8:25:15 PM
Database Connected !!!
In undefined env !
Redis version greater than or equal to 2.8.18 Required !
Server running on PORT 5000 7/14/2023, 8:25:37 PM
Database Connected !!!
In undefined env !
Redis version greater than or equal to 2.8.18 Required !
Server running on PORT 5000 7/14/2023, 8:26:04 PM
Database Connected !!!
In undefined env !
Redis version greater than or equal to 2.8.18 Required !
Server running on PORT 5000 7/14/2023, 8:26:21 PM
In undefined env !
Redis version greater than or equal to 2.8.18 Required !
Server running on PORT 5000 7/14/2023, 8:26:24 PM
Database Connected !!!
In undefined env !
Redis version greater than or equal to 2.8.18 Required !
Server running on PORT 5000 7/14/2023, 8:27:15 PM
Database Connected !!!
In undefined env !
Redis version greater than or equal to 2.8.18 Required !
Server running on PORT 5000 7/14/2023, 8:27:34 PM
Database Connected !!!
In undefined env !
Redis version greater than or equal to 2.8.18 Required !
Server running on PORT 5000 7/14/2023, 8:30:53 PM
Database Connected !!!
In undefined env !
Redis version greater than or equal to 2.8.18 Required !
Server running on PORT 5000 7/14/2023, 8:31:14 PM
Database Connected !!!
In undefined env !
Redis version greater than or equal to 2.8.18 Required !
Server running on PORT 5000 7/14/2023, 8:31:30 PM
Database Connected !!!
In undefined env !
Redis version greater than or equal to 2.8.18 Required !
Server running on PORT 5000 7/14/2023, 8:31:41 PM
Database Connected !!!
In undefined env !
Redis version greater than or equal to 2.8.18 Required !
Server running on PORT 5000 7/14/2023, 8:31:46 PM
Database Connected !!!
GET /loggedIn 7/14/2023, 8:31:52 PM
GET /problems 7/14/2023, 8:31:52 PM
POST /problems/64b16355659e817e9147b6b0 7/14/2023, 8:35:06 PM
Unlinked : 1d9bc12a-cef3-4048-837e-36e48b70f26b.java
GET /status/64b16422c61115013f802578 7/14/2023, 8:35:08 PM
POST /problems/64b16355659e817e9147b6b0 7/14/2023, 8:35:29 PM
Unlinked : b5350da8-826e-4f84-86dc-33fbf09d052e.java
GET /status/64b16439c61115013f802581 7/14/2023, 8:35:31 PM
POST /problems/64b16355659e817e9147b6b0 7/14/2023, 8:35:51 PM
Unlinked : cec7f0db-6ae8-4c3e-bb78-3fc20ef591a0.java
GET /status/64b1644fc61115013f80258a 7/14/2023, 8:35:53 PM
POST /problems/64b16355659e817e9147b6b0 7/14/2023, 8:37:08 PM
Unlinked : 24c7df75-b0ea-4b83-8a58-ded26e3146b1.java
GET /status/64b1649cc61115013f802593 7/14/2023, 8:37:10 PM
POST /problems/64b16355659e817e9147b6b0 7/14/2023, 8:37:21 PM
Unlinked : a4966dbb-31bd-4dae-895f-d151dab0d4b8.java
Unlinked : Solution.class
GET /status/64b164a9c61115013f80259c 7/14/2023, 8:37:23 PM
POST /problems/64b16355659e817e9147b6b0 7/14/2023, 8:38:07 PM
Unlinked : bc9fda66-fc3b-4cfb-8c22-cebc8849bd66.java
Unlinked : Solution.class
GET /status/64b164d7c61115013f8025a5 7/14/2023, 8:38:09 PM
GET /leaderboard 7/14/2023, 8:38:19 PM
GET /getcode/64b164d8c61115013f8025a9 7/14/2023, 8:38:25 PM
GET /leaderboard 7/14/2023, 8:39:37 PM
GET /leaderboard 7/14/2023, 8:39:41 PM
GET /getcode/64b164d8c61115013f8025a9 7/14/2023, 8:39:44 PM
GET /getcode/64b164d8c61115013f8025a9 7/14/2023, 8:40:37 PM
GET /getcode/64b164d8c61115013f8025a9 7/14/2023, 8:40:49 PM
GET /leaderboard 7/14/2023, 8:40:58 PM
GET /leaderboard 7/14/2023, 8:41:04 PM
GET /getcode/64b164d8c61115013f8025a9 7/14/2023, 8:41:06 PM
GET /leaderboard 7/14/2023, 8:41:10 PM
GET /loggedIn 7/14/2023, 8:42:46 PM
GET /problems 7/14/2023, 8:42:46 PM
GET /loggedIn 7/14/2023, 8:42:55 PM
GET /problems 7/14/2023, 8:42:55 PM
POST /problems/64b16075d27ed7a331976012 7/14/2023, 8:43:02 PM
In undefined env !
Redis version greater than or equal to 2.8.18 Required !
Server running on PORT 5000 7/14/2023, 8:43:02 PM
Database Connected !!!
GET /loggedIn 7/14/2023, 8:43:13 PM
GET /problems 7/14/2023, 8:43:13 PM
GET /loggedIn 7/14/2023, 8:43:28 PM
GET /problems 7/14/2023, 8:43:29 PM
In undefined env !
Redis version greater than or equal to 2.8.18 Required !
Server running on PORT 5000 7/14/2023, 9:31:10 PM
Database Connected !!!
In undefined env !
Redis version greater than or equal to 2.8.18 Required !
Server running on PORT 5000 7/20/2023, 11:38:29 AM
Database Connected !!!
GET /loggedIn 7/20/2023, 11:41:00 AM
GET /problems 7/20/2023, 11:41:00 AM
GET /loggedIn 7/20/2023, 11:41:34 AM
GET /problems 7/20/2023, 11:41:34 AM
GET /loggedIn 7/20/2023, 11:41:53 AM
GET /problems 7/20/2023, 11:41:53 AM
POST /problems/64b157dd6029e7ec447f5d6d 7/20/2023, 11:41:59 AM
In undefined env !
Redis version greater than or equal to 2.8.18 Required !
Server running on PORT 5000 7/20/2023, 11:42:00 AM
Database Connected !!!
In undefined env !
Redis version greater than or equal to 2.8.18 Required !
Server running on PORT 5000 7/22/2023, 12:20:00 AM
Database Connected !!!
GET /loggedIn 7/22/2023, 12:20:23 AM
GET /problems 7/22/2023, 12:20:23 AM
POST /problems/64b157dd6029e7ec447f5d6d 7/22/2023, 12:21:55 AM
In undefined env !
Redis version greater than or equal to 2.8.18 Required !
Server running on PORT 5000 7/22/2023, 12:21:56 AM
GET /loggedIn 7/22/2023, 12:22:23 AM
GET /problems 7/22/2023, 12:22:23 AM
GET /problems 7/22/2023, 12:22:25 AM
GET /loggedIn 7/22/2023, 12:22:25 AM
GET /loggedIn 7/22/2023, 12:22:26 AM
GET /problems 7/22/2023, 12:22:26 AM
GET /loggedIn 7/22/2023, 12:22:27 AM
GET /problems 7/22/2023, 12:22:27 AM
GET /problems 7/22/2023, 12:22:28 AM
GET /loggedIn 7/22/2023, 12:22:28 AM
In undefined env !
Redis version greater than or equal to 2.8.18 Required !
Server running on PORT 5000 7/22/2023, 12:22:46 AM
In undefined env !
Redis version greater than or equal to 2.8.18 Required !
Server running on PORT 5000 7/22/2023, 12:23:22 AM
In undefined env !
Redis version greater than or equal to 2.8.18 Required !
Server running on PORT 5000 7/22/2023, 12:23:49 AM
Database Connected !!!
GET /loggedIn 7/22/2023, 12:23:57 AM
GET /problems 7/22/2023, 12:23:57 AM
GET /loggedIn 7/22/2023, 12:23:58 AM
GET /problems 7/22/2023, 12:23:58 AM
POST /problems/64b157dd6029e7ec447f5d6d 7/22/2023, 12:24:21 AM
GET /status/64bad45d37373cb236bd3d9b 7/22/2023, 12:24:24 AM
Unlinked : 0a68f264-6342-4a13-ae1e-f62a44869270.java
Unlinked : Solution.class
GET /status/64bad45d37373cb236bd3d9b 7/22/2023, 12:24:25 AM
GET /status/64bad45d37373cb236bd3d9b 7/22/2023, 12:24:26 AM
GET /status/64bad45d37373cb236bd3d9b 7/22/2023, 12:24:27 AM
GET /status/64bad45d37373cb236bd3d9b 7/22/2023, 12:24:28 AM
GET /leaderboard 7/22/2023, 12:24:50 AM
GET /getcode/64bad45e37373cb236bd3da0 7/22/2023, 12:25:06 AM
GET /leaderboard 7/22/2023, 12:25:16 AM
GET /leaderboard 7/22/2023, 12:25:22 AM
GET /loggedIn 7/22/2023, 12:38:53 AM
GET /problems 7/22/2023, 12:38:53 AM
GET /leaderboard 7/22/2023, 12:38:57 AM
GET /leaderboard 7/22/2023, 12:39:05 AM
GET /loggedIn 7/22/2023, 12:39:16 AM
GET /problems 7/22/2023, 12:39:16 AM
GET /loggedIn 7/22/2023, 12:39:49 AM
GET /problems 7/22/2023, 12:39:49 AM
GET /problems 7/22/2023, 12:40:30 AM
GET /loggedIn 7/22/2023, 12:40:30 AM
GET /loggedIn 7/22/2023, 12:40:34 AM
GET /problems 7/22/2023, 12:40:34 AM
GET /loggedIn 7/22/2023, 12:40:58 AM
GET /problems 7/22/2023, 12:40:58 AM
GET /loggedIn 7/22/2023, 12:41:01 AM
GET /problems 7/22/2023, 12:41:01 AM
GET /loggedIn 7/22/2023, 12:41:09 AM
GET /problems 7/22/2023, 12:41:09 AM
GET /loggedIn 7/22/2023, 12:41:11 AM
GET /problems 7/22/2023, 12:41:11 AM
POST /login 7/22/2023, 12:41:24 AM
GET /loggedIn 7/22/2023, 12:41:25 AM
GET /loggedIn 7/22/2023, 12:56:45 AM
GET /problems 7/22/2023, 12:56:45 AM
GET /loggedIn 7/22/2023, 12:56:54 AM
GET /problems 7/22/2023, 12:56:54 AM
GET /loggedIn 7/22/2023, 12:56:57 AM
GET /problems 7/22/2023, 12:56:57 AM
GET /loggedIn 7/22/2023, 12:59:14 AM
GET /problems 7/22/2023, 12:59:14 AM
POST /login 7/22/2023, 12:59:27 AM
GET /loggedIn 7/22/2023, 12:59:27 AM
POST /login 7/22/2023, 1:01:15 AM
GET /loggedIn 7/22/2023, 1:01:16 AM
POST /register 7/22/2023, 1:01:33 AM
GET /loggedIn 7/22/2023, 1:01:33 AM
POST /register 7/22/2023, 1:02:15 AM
GET /loggedIn 7/22/2023, 1:02:16 AM
GET /logout 7/22/2023, 1:02:22 AM
GET /loggedIn 7/22/2023, 1:02:22 AM
POST /login 7/22/2023, 1:02:27 AM
GET /loggedIn 7/22/2023, 1:02:28 AM
GET /logout 7/22/2023, 1:02:31 AM
GET /loggedIn 7/22/2023, 1:02:31 AM
GET /loggedIn 7/22/2023, 1:08:09 AM
GET /problems 7/22/2023, 1:08:09 AM
GET /loggedIn 7/22/2023, 1:15:29 AM
GET /problems 7/22/2023, 1:15:29 AM
GET /loggedIn 7/22/2023, 1:15:35 AM
GET /problems 7/22/2023, 1:15:35 AM
GET /loggedIn 7/22/2023, 1:18:30 AM
GET /problems 7/22/2023, 1:18:30 AM
GET /loggedIn 7/22/2023, 1:21:17 AM
GET /problems 7/22/2023, 1:21:17 AM
In undefined env !
Redis version greater than or equal to 2.8.18 Required !
Server running on PORT 5000 7/22/2023, 1:27:26 AM
GET /loggedIn 7/22/2023, 1:27:50 AM
GET /problems 7/22/2023, 1:27:50 AM
In undefined env !
Redis version greater than or equal to 2.8.18 Required !
Server running on PORT 5000 7/22/2023, 1:32:07 AM
Database Connected !!!
GET /loggedIn 7/22/2023, 1:32:16 AM
GET /problems 7/22/2023, 1:32:16 AM
GET /loggedIn 7/22/2023, 1:32:27 AM
GET /problems 7/22/2023, 1:32:27 AM
GET /loggedIn 7/22/2023, 1:32:59 AM
GET /problems 7/22/2023, 1:32:59 AM
In undefined env !
Redis version greater than or equal to 2.8.18 Required !
Server running on PORT 5000 7/22/2023, 1:35:01 AM
GET /loggedIn 7/22/2023, 1:35:15 AM
GET /problems 7/22/2023, 1:35:15 AM
In undefined env !
Redis version greater than or equal to 2.8.18 Required !
Server running on PORT 5000 7/22/2023, 1:35:34 AM
In undefined env !
Redis version greater than or equal to 2.8.18 Required !
Server running on PORT 5000 7/22/2023, 1:36:19 AM
Database Connected !!!
POST /login 7/22/2023, 1:36:51 AM
GET /loggedIn 7/22/2023, 1:36:52 AM
GET /loggedIn 7/22/2023, 1:37:02 AM
GET /problems 7/22/2023, 1:37:02 AM
GET /leaderboard 7/22/2023, 1:37:08 AM
GET /logout 7/22/2023, 1:37:23 AM
GET /loggedIn 7/22/2023, 1:37:23 AM
GET /loggedIn 7/22/2023, 1:38:31 AM
GET /problems 7/22/2023, 1:38:31 AM
GET /leaderboard 7/22/2023, 1:38:35 AM
GET /getcode/64bad45e37373cb236bd3da0 7/22/2023, 1:38:37 AM
GET /getcode/64bad45e37373cb236bd3da0 7/22/2023, 1:39:33 AM
GET /problems 7/22/2023, 1:41:50 AM
GET /loggedIn 7/22/2023, 1:41:50 AM
GET /getcode/64bad45e37373cb236bd3da0 7/22/2023, 1:41:50 AM
GET /getcode/64bad45e37373cb236bd3da0 7/22/2023, 1:42:11 AM
In undefined env !
Redis version greater than or equal to 2.8.18 Required !
Server running on PORT 5000 7/22/2023, 1:47:13 AM
GET /loggedIn 7/22/2023, 1:47:31 AM
GET /problems 7/22/2023, 1:47:31 AM
In undefined env !
Redis version greater than or equal to 2.8.18 Required !
Server running on PORT 5000 7/22/2023, 1:47:58 AM
In undefined env !
Redis version greater than or equal to 2.8.18 Required !
Server running on PORT 5000 7/22/2023, 1:48:18 AM
In undefined env !
Redis version greater than or equal to 2.8.18 Required !
Server running on PORT 5000 7/22/2023, 1:48:49 AM
GET /leaderboard 7/22/2023, 1:49:15 AM
In undefined env !
Redis version greater than or equal to 2.8.18 Required !
Server running on PORT 5000 7/22/2023, 1:49:31 AM
In undefined env !
Redis version greater than or equal to 2.8.18 Required !
Server running on PORT 5000 7/22/2023, 1:50:01 AM
Database Connected !!!
GET /leaderboard 7/22/2023, 1:50:37 AM
GET /getcode/64bad45e37373cb236bd3da0 7/22/2023, 1:50:40 AM
GET /leaderboard 7/22/2023, 1:50:43 AM
GET /problems 7/22/2023, 1:50:46 AM
GET /loggedIn 7/22/2023, 1:50:46 AM
In undefined env !
Redis version greater than or equal to 2.8.18 Required !
Server running on PORT 5000 7/22/2023, 1:56:40 AM
In undefined env !
Redis version greater than or equal to 2.8.18 Required !
Server running on PORT 5000 7/22/2023, 2:02:23 AM
In undefined env !
Redis version greater than or equal to 2.8.18 Required !
Server running on PORT 5000 7/22/2023, 2:02:35 AM
In undefined env !
Redis version greater than or equal to 2.8.18 Required !
Server running on PORT 5000 7/22/2023, 2:02:52 AM
In undefined env !
Redis version greater than or equal to 2.8.18 Required !
Server running on PORT 5000 7/22/2023, 2:03:50 AM
In undefined env !
Redis version greater than or equal to 2.8.18 Required !
Server running on PORT 5000 7/22/2023, 2:04:24 AM
GET /loggedIn 7/22/2023, 2:04:34 AM
GET /problems 7/22/2023, 2:04:34 AM
GET /leaderboard 7/22/2023, 2:04:48 AM
In undefined env !
Redis version greater than or equal to 2.8.18 Required !
Server running on PORT 5000 7/22/2023, 2:05:02 AM
In undefined env !
Redis version greater than or equal to 2.8.18 Required !
Server running on PORT 5000 7/22/2023, 2:05:23 AM
In undefined env !
Redis version greater than or equal to 2.8.18 Required !
Server running on PORT 5000 7/22/2023, 2:05:42 AM
Database Connected !!!
GET /loggedIn 7/22/2023, 2:05:58 AM
GET /problems 7/22/2023, 2:05:58 AM
GET /leaderboard 7/22/2023, 2:06:03 AM
GET /leaderboard 7/22/2023, 2:06:06 AM
GET /leaderboard 7/22/2023, 2:06:09 AM
POST /problems/64b157dd6029e7ec447f5d6d 7/22/2023, 2:06:15 AM
GET /status/64baec3f6483cbdfa1ef6ca5 7/22/2023, 2:06:17 AM
Unlinked : 4486f3af-4285-4364-99ba-288f6f25127e.cpp
Unlinked : 4486f3af-4285-4364-99ba-288f6f25127e.out
GET /status/64baec3f6483cbdfa1ef6ca5 7/22/2023, 2:06:18 AM
GET /leaderboard 7/22/2023, 2:06:21 AM
In undefined env !
Redis version greater than or equal to 2.8.18 Required !
Server running on PORT 5000 7/22/2023, 2:09:39 AM
In undefined env !
Redis version greater than or equal to 2.8.18 Required !
Server running on PORT 5000 7/22/2023, 2:29:18 AM
In undefined env !
Redis version greater than or equal to 2.8.18 Required !
Server running on PORT 5000 7/22/2023, 2:29:49 AM
In undefined env !
Redis version greater than or equal to 2.8.18 Required !
Server running on PORT 5000 7/22/2023, 2:31:06 AM
Database Connected !!!
GET /loggedIn 7/22/2023, 2:31:39 AM
GET /problems 7/22/2023, 2:31:39 AM
POST /login 7/22/2023, 2:31:46 AM
In undefined env !
Redis version greater than or equal to 2.8.18 Required !
Server running on PORT 5000 7/22/2023, 2:33:22 AM
Database Connected !!!
POST /login 7/22/2023, 2:33:34 AM
In undefined env !
Redis version greater than or equal to 2.8.18 Required !
Server running on PORT 5000 7/22/2023, 2:34:10 AM
Database Connected !!!
In undefined env !
Redis version greater than or equal to 2.8.18 Required !
Server running on PORT 5000 7/22/2023, 2:34:47 AM
Database Connected !!!
In undefined env !
Redis version greater than or equal to 2.8.18 Required !
Server running on PORT 5000 7/22/2023, 2:34:53 AM
Database Connected !!!
POST /login 7/22/2023, 2:34:59 AM
In undefined env !
Redis version greater than or equal to 2.8.18 Required !
Server running on PORT 5000 7/22/2023, 2:36:19 AM
Database Connected !!!
In undefined env !
Redis version greater than or equal to 2.8.18 Required !
Server running on PORT 5000 7/22/2023, 2:36:57 AM
Database Connected !!!
In undefined env !
Redis version greater than or equal to 2.8.18 Required !
Server running on PORT 5000 7/22/2023, 2:37:19 AM
Database Connected !!!
In undefined env !
Redis version greater than or equal to 2.8.18 Required !
Server running on PORT 5000 7/22/2023, 2:37:26 AM
Database Connected !!!
POST /login 7/22/2023, 2:37:34 AM
In undefined env !
Redis version greater than or equal to 2.8.18 Required !
Server running on PORT 5000 7/22/2023, 2:38:13 AM
Database Connected !!!
POST /login 7/22/2023, 2:38:33 AM
In undefined env !
Redis version greater than or equal to 2.8.18 Required !
Server running on PORT 5000 7/22/2023, 2:46:14 AM
Database Connected !!!
GET /loggedIn 7/22/2023, 2:46:19 AM
GET /problems 7/22/2023, 2:46:19 AM
In undefined env !
Redis version greater than or equal to 2.8.18 Required !
Server running on PORT 5000 7/22/2023, 10:42:56 AM
Database Connected !!!
GET /problems 7/22/2023, 10:43:16 AM
GET /loggedIn 7/22/2023, 10:43:16 AM
POST /login 7/22/2023, 10:43:45 AM
GET /loggedIn 7/22/2023, 10:43:45 AM
GET /loggedIn 7/22/2023, 10:43:55 AM
GET /problems 7/22/2023, 10:43:55 AM
GET /logout 7/22/2023, 10:52:55 AM
GET /loggedIn 7/22/2023, 10:52:55 AM
POST /login 7/22/2023, 10:52:59 AM
GET /loggedIn 7/22/2023, 10:53:04 AM
GET /problems 7/22/2023, 10:53:04 AM
GET /logout 7/22/2023, 10:53:45 AM
GET /loggedIn 7/22/2023, 10:53:45 AM
POST /login 7/22/2023, 10:54:01 AM
GET /loggedIn 7/22/2023, 10:54:01 AM
GET /loggedIn 7/22/2023, 10:55:41 AM
GET /problems 7/22/2023, 10:55:41 AM
POST /login 7/22/2023, 10:56:02 AM
GET /loggedIn 7/22/2023, 10:56:07 AM
GET /problems 7/22/2023, 10:56:07 AM
POST /login 7/22/2023, 10:56:17 AM
GET /loggedIn 7/22/2023, 10:56:23 AM
GET /problems 7/22/2023, 10:56:23 AM
GET /loggedIn 7/22/2023, 10:56:33 AM
GET /problems 7/22/2023, 10:56:33 AM
GET /loggedIn 7/22/2023, 10:58:01 AM
GET /problems 7/22/2023, 10:58:01 AM
In undefined env !
Redis version greater than or equal to 2.8.18 Required !
Server running on PORT 5000 7/22/2023, 10:58:13 AM
Database Connected !!!
POST /login 7/22/2023, 10:58:22 AM
GET /loggedIn 7/22/2023, 10:58:28 AM
GET /problems 7/22/2023, 10:58:28 AM
GET /leaderboard 7/22/2023, 10:58:55 AM
GET /getcode/64baec406483cbdfa1ef6ca9 7/22/2023, 10:58:59 AM
GET /logout 7/22/2023, 10:59:09 AM
GET /loggedIn 7/22/2023, 10:59:09 AM
POST /login 7/22/2023, 10:59:12 AM
GET /loggedIn 7/22/2023, 10:59:18 AM
GET /problems 7/22/2023, 10:59:18 AM
GET /logout 7/22/2023, 10:59:21 AM
GET /loggedIn 7/22/2023, 10:59:21 AM
POST /login 7/22/2023, 11:01:02 AM
GET /loggedIn 7/22/2023, 11:01:22 AM
GET /problems 7/22/2023, 11:01:22 AM
In undefined env !
Redis version greater than or equal to 2.8.18 Required !
Server running on PORT 5000 7/22/2023, 11:02:29 AM
Database Connected !!!
POST /login 7/22/2023, 11:02:58 AM
GET /loggedIn 7/22/2023, 11:03:03 AM
GET /problems 7/22/2023, 11:03:03 AM
In undefined env !
Redis version greater than or equal to 2.8.18 Required !
Server running on PORT 5000 7/22/2023, 11:03:25 AM
Database Connected !!!
In undefined env !
Redis version greater than or equal to 2.8.18 Required !
Server running on PORT 5000 7/22/2023, 11:03:34 AM
Database Connected !!!
GET /logout 7/22/2023, 11:03:39 AM
GET /loggedIn 7/22/2023, 11:03:39 AM
POST /login 7/22/2023, 11:03:44 AM
GET /loggedIn 7/22/2023, 11:03:52 AM
GET /problems 7/22/2023, 11:03:52 AM
In undefined env !
Redis version greater than or equal to 2.8.18 Required !
Server running on PORT 5000 7/22/2023, 11:04:23 AM
Database Connected !!!
POST /login 7/22/2023, 11:04:29 AM
GET /loggedIn 7/22/2023, 11:04:34 AM
GET /problems 7/22/2023, 11:04:34 AM
In undefined env !
Redis version greater than or equal to 2.8.18 Required !
Server running on PORT 5000 7/22/2023, 11:06:48 AM
Database Connected !!!
POST /login 7/22/2023, 11:10:27 AM
GET /loggedIn 7/22/2023, 11:10:41 AM
GET /problems 7/22/2023, 11:10:41 AM
POST /login 7/22/2023, 11:10:46 AM
GET /loggedIn 7/22/2023, 11:10:56 AM
GET /problems 7/22/2023, 11:10:56 AM
In undefined env !
Redis version greater than or equal to 2.8.18 Required !
Server running on PORT 5000 7/22/2023, 11:24:10 AM
Database Connected !!!
In undefined env !
Redis version greater than or equal to 2.8.18 Required !
Server running on PORT 5000 7/22/2023, 11:26:41 AM
In undefined env !
Redis version greater than or equal to 2.8.18 Required !
Server running on PORT 5000 7/22/2023, 11:27:07 AM
In undefined env !
Redis version greater than or equal to 2.8.18 Required !
Server running on PORT 5000 7/22/2023, 11:27:26 AM
Database Connected !!!
POST /login 7/22/2023, 11:28:08 AM
In undefined env !
Redis version greater than or equal to 2.8.18 Required !
Server running on PORT 5000 7/22/2023, 11:28:33 AM
Database Connected !!!
In undefined env !
Redis version greater than or equal to 2.8.18 Required !
Server running on PORT 5000 7/22/2023, 11:28:47 AM
Database Connected !!!
POST /login 7/22/2023, 11:28:56 AM
GET /loggedIn 7/22/2023, 11:29:04 AM
GET /problems 7/22/2023, 11:29:04 AM
GET /logout 7/22/2023, 11:29:56 AM
GET /loggedIn 7/22/2023, 11:29:56 AM
POST /login 7/22/2023, 11:29:59 AM
GET /loggedIn 7/22/2023, 11:29:59 AM
GET /loggedIn 7/22/2023, 11:30:12 AM
GET /problems 7/22/2023, 11:30:12 AM
GET /logout 7/22/2023, 11:30:17 AM
GET /loggedIn 7/22/2023, 11:30:17 AM
GET /loggedIn 7/22/2023, 11:30:35 AM
GET /problems 7/22/2023, 11:30:35 AM
GET /leaderboard 7/22/2023, 11:31:01 AM
In undefined env !
Redis version greater than or equal to 2.8.18 Required !
Server running on PORT 5000 7/22/2023, 11:31:09 AM
Database Connected !!!
GET /loggedIn 7/22/2023, 11:31:35 AM
GET /problems 7/22/2023, 11:31:35 AM
GET /leaderboard 7/22/2023, 11:31:35 AM
In undefined env !
Redis version greater than or equal to 2.8.18 Required !
Server running on PORT 5000 7/22/2023, 11:32:04 AM
Database Connected !!!
In undefined env !
Redis version greater than or equal to 2.8.18 Required !
Server running on PORT 5000 7/22/2023, 11:35:12 AM
Database Connected !!!
GET /loggedIn 7/22/2023, 11:35:23 AM
GET /problems 7/22/2023, 11:35:23 AM
POST /login 7/22/2023, 11:35:33 AM
GET /loggedIn 7/22/2023, 11:35:34 AM
In undefined env !
Redis version greater than or equal to 2.8.18 Required !
Server running on PORT 5000 7/22/2023, 11:37:35 AM
Database Connected !!!
GET /logout 7/22/2023, 11:37:43 AM
GET /loggedIn 7/22/2023, 11:37:43 AM
GET /loggedIn 7/22/2023, 11:38:18 AM
GET /problems 7/22/2023, 11:38:18 AM
In undefined env !
Redis version greater than or equal to 2.8.18 Required !
Server running on PORT 5000 7/22/2023, 11:46:14 AM
Database Connected !!!
In undefined env !
Redis version greater than or equal to 2.8.18 Required !
Server running on PORT 5000 7/22/2023, 11:46:49 AM
Database Connected !!!
In undefined env !
Redis version greater than or equal to 2.8.18 Required !
Server running on PORT 5000 7/22/2023, 11:54:35 AM
Database Connected !!!
POST /login 7/22/2023, 11:55:50 AM
In undefined env !
Redis version greater than or equal to 2.8.18 Required !
Server running on PORT 5000 7/22/2023, 11:58:19 AM
Database Connected !!!
In undefined env !
Redis version greater than or equal to 2.8.18 Required !
Server running on PORT 5000 7/22/2023, 12:02:45 PM
In undefined env !
Redis version greater than or equal to 2.8.18 Required !
Server running on PORT 5000 7/22/2023, 12:03:11 PM
Database Connected !!!
In undefined env !
Redis version greater than or equal to 2.8.18 Required !
Server running on PORT 5000 7/22/2023, 12:04:02 PM
Database Connected !!!
In undefined env !
Redis version greater than or equal to 2.8.18 Required !
Server running on PORT 5000 7/22/2023, 12:04:38 PM
Database Connected !!!
In undefined env !
Redis version greater than or equal to 2.8.18 Required !
Server running on PORT 5000 7/22/2023, 12:04:53 PM
In undefined env !
Redis version greater than or equal to 2.8.18 Required !
Server running on PORT 5000 7/22/2023, 12:04:56 PM
In undefined env !
Redis version greater than or equal to 2.8.18 Required !
Server running on PORT 5000 7/22/2023, 12:04:58 PM
Database Connected !!!
In undefined env !
Redis version greater than or equal to 2.8.18 Required !
Server running on PORT 5000 7/22/2023, 12:05:49 PM
Database Connected !!!
In undefined env !
Redis version greater than or equal to 2.8.18 Required !
Server running on PORT 5000 7/22/2023, 12:05:56 PM
Database Connected !!!
In undefined env !
Redis version greater than or equal to 2.8.18 Required !
Server running on PORT 5000 7/22/2023, 12:06:03 PM
Database Connected !!!
In undefined env !
Redis version greater than or equal to 2.8.18 Required !
Server running on PORT 5000 7/22/2023, 12:10:29 PM
In undefined env !
Redis version greater than or equal to 2.8.18 Required !
Server running on PORT 5000 7/22/2023, 12:10:30 PM
In undefined env !
Redis version greater than or equal to 2.8.18 Required !
Server running on PORT 5000 7/22/2023, 12:10:32 PM
Database Connected !!!
In undefined env !
Redis version greater than or equal to 2.8.18 Required !
Server running on PORT 5000 7/22/2023, 12:10:45 PM
Database Connected !!!
In undefined env !
Redis version greater than or equal to 2.8.18 Required !
Server running on PORT 5000 7/22/2023, 12:11:24 PM
Database Connected !!!
In undefined env !
Redis version greater than or equal to 2.8.18 Required !
Server running on PORT 5000 7/22/2023, 12:11:37 PM
Database Connected !!!
In undefined env !
Redis version greater than or equal to 2.8.18 Required !
Server running on PORT 5000 7/22/2023, 12:13:34 PM
Database Connected !!!
In undefined env !
Redis version greater than or equal to 2.8.18 Required !
Server running on PORT 5000 7/22/2023, 12:14:29 PM
Database Connected !!!
POST /login 7/22/2023, 12:14:39 PM
GET /loggedIn 7/22/2023, 12:15:39 PM
GET /problems 7/22/2023, 12:15:39 PM
In undefined env !
Redis version greater than or equal to 2.8.18 Required !
Server running on PORT 5000 7/22/2023, 12:16:17 PM
Database Connected !!!
POST /login 7/22/2023, 12:16:29 PM
In undefined env !
Redis version greater than or equal to 2.8.18 Required !
Server running on PORT 5000 7/22/2023, 12:16:49 PM
Database Connected !!!
In undefined env !
Redis version greater than or equal to 2.8.18 Required !
Server running on PORT 5000 7/22/2023, 12:23:15 PM
In undefined env !
Redis version greater than or equal to 2.8.18 Required !
Server running on PORT 5000 7/22/2023, 12:23:18 PM
In undefined env !
Redis version greater than or equal to 2.8.18 Required !
Server running on PORT 5000 7/22/2023, 12:23:23 PM
Database Connected !!!
In undefined env !
Redis version greater than or equal to 2.8.18 Required !
Server running on PORT 5000 7/22/2023, 12:23:37 PM
Database Connected !!!
In undefined env !
Redis version greater than or equal to 2.8.18 Required !
Server running on PORT 5000 7/22/2023, 12:24:11 PM
Database Connected !!!
In undefined env !
Redis version greater than or equal to 2.8.18 Required !
Server running on PORT 5000 7/22/2023, 12:25:43 PM
Database Connected !!!
In undefined env !
Redis version greater than or equal to 2.8.18 Required !
Server running on PORT 5000 7/22/2023, 12:27:38 PM
Database Connected !!!
In undefined env !
Redis version greater than or equal to 2.8.18 Required !
Server running on PORT 5000 7/22/2023, 12:27:59 PM
Database Connected !!!
In undefined env !
Redis version greater than or equal to 2.8.18 Required !
Server running on PORT 5000 7/22/2023, 12:28:31 PM
Database Connected !!!
In undefined env !
Redis version greater than or equal to 2.8.18 Required !
Server running on PORT 5000 7/22/2023, 12:31:32 PM
Database Connected !!!
In undefined env !
Redis version greater than or equal to 2.8.18 Required !
Server running on PORT 5000 7/22/2023, 12:32:05 PM
Database Connected !!!
In undefined env !
Redis version greater than or equal to 2.8.18 Required !
Server running on PORT 5000 7/22/2023, 12:32:47 PM
In undefined env !
Redis version greater than or equal to 2.8.18 Required !
Server running on PORT 5000 7/22/2023, 12:32:55 PM
Database Connected !!!
In undefined env !
Redis version greater than or equal to 2.8.18 Required !
Server running on PORT 5000 7/22/2023, 12:33:06 PM
Database Connected !!!
In undefined env !
Redis version greater than or equal to 2.8.18 Required !
Server running on PORT 5000 7/22/2023, 12:33:59 PM
Database Connected !!!
In undefined env !
Redis version greater than or equal to 2.8.18 Required !
Server running on PORT 5000 7/22/2023, 12:35:20 PM
Database Connected !!!
In undefined env !
Redis version greater than or equal to 2.8.18 Required !
Server running on PORT 5000 7/22/2023, 12:35:30 PM
In undefined env !
Redis version greater than or equal to 2.8.18 Required !
Server running on PORT 5000 7/22/2023, 12:35:31 PM
Database Connected !!!
GET /loggedIn 7/22/2023, 12:35:50 PM
In undefined env !
Redis version greater than or equal to 2.8.18 Required !
Server running on PORT 5000 7/22/2023, 12:37:14 PM
Database Connected !!!
GET /loggedIn 7/22/2023, 12:37:43 PM
In undefined env !
Redis version greater than or equal to 2.8.18 Required !
Server running on PORT 5000 7/22/2023, 12:38:04 PM
Database Connected !!!
GET /loggedIn 7/22/2023, 12:38:35 PM
GET /problems 7/22/2023, 12:38:35 PM
In undefined env !
Redis version greater than or equal to 2.8.18 Required !
Server running on PORT 5000 7/22/2023, 12:38:53 PM
Database Connected !!!
GET /logout 7/22/2023, 12:38:58 PM
GET /loggedIn 7/22/2023, 12:38:58 PM
In undefined env !
Redis version greater than or equal to 2.8.18 Required !
Server running on PORT 5000 7/22/2023, 12:39:39 PM
Database Connected !!!
GET /loggedIn 7/22/2023, 12:39:54 PM
GET /problems 7/22/2023, 12:39:54 PM
In undefined env !
Redis version greater than or equal to 2.8.18 Required !
Server running on PORT 5000 7/22/2023, 12:41:35 PM
Database Connected !!!
GET /loggedIn 7/22/2023, 12:41:55 PM
GET /problems 7/22/2023, 12:41:55 PM
POST /login 7/22/2023, 12:42:25 PM
GET /loggedIn 7/22/2023, 12:42:39 PM
GET /problems 7/22/2023, 12:42:39 PM
POST /problems/64b157dd6029e7ec447f5d6d 7/22/2023, 12:42:56 PM
GET /status/64bb8179208ff6a0a05d9bda 7/22/2023, 12:42:59 PM
Unlinked : edf4e249-3236-4390-86d1-d843f30c1850.cpp
Unlinked : edf4e249-3236-4390-86d1-d843f30c1850.out
GET /status/64bb8179208ff6a0a05d9bda 7/22/2023, 12:43:00 PM
GET /leaderboard 7/22/2023, 12:43:02 PM
GET /logout 7/22/2023, 12:43:49 PM
GET /loggedIn 7/22/2023, 12:43:49 PM
POST /login 7/22/2023, 12:43:53 PM
GET /loggedIn 7/22/2023, 12:46:27 PM
GET /problems 7/22/2023, 12:46:27 PM
GET /loggedIn 7/22/2023, 12:46:45 PM
GET /problems 7/22/2023, 12:46:45 PM
In undefined env !
Redis version greater than or equal to 2.8.18 Required !
Server running on PORT 5000 7/22/2023, 12:51:18 PM
Database Connected !!!
GET /loggedIn 7/22/2023, 12:51:52 PM
GET /problems 7/22/2023, 12:51:53 PM
GET /logout 7/22/2023, 12:52:06 PM
GET /loggedIn 7/22/2023, 12:52:06 PM
GET /loggedIn 7/22/2023, 12:52:14 PM
GET /problems 7/22/2023, 12:52:14 PM
In undefined env !
Redis version greater than or equal to 2.8.18 Required !
Server running on PORT 5000 7/22/2023, 12:52:34 PM
Database Connected !!!
GET /loggedIn 7/22/2023, 12:52:55 PM
GET /problems 7/22/2023, 12:52:55 PM
In undefined env !
Redis version greater than or equal to 2.8.18 Required !
Server running on PORT 5000 7/22/2023, 12:53:09 PM
Database Connected !!!
GET /logout 7/22/2023, 12:53:21 PM
GET /loggedIn 7/22/2023, 12:53:21 PM
GET /loggedIn 7/22/2023, 12:53:32 PM
GET /problems 7/22/2023, 12:53:32 PM
GET /logout 7/22/2023, 12:53:37 PM
GET /loggedIn 7/22/2023, 12:53:37 PM
GET /loggedIn 7/22/2023, 12:57:08 PM
GET /problems 7/22/2023, 12:57:08 PM
POST /login 7/22/2023, 12:57:14 PM
In undefined env !
Redis version greater than or equal to 2.8.18 Required !
Server running on PORT 5000 7/22/2023, 12:58:53 PM
Database Connected !!!
GET /loggedIn 7/22/2023, 12:59:13 PM
GET /problems 7/22/2023, 12:59:13 PM
GET /loggedIn 7/22/2023, 1:06:43 PM
GET /problems 7/22/2023, 1:06:43 PM
GET /logout 7/22/2023, 1:07:12 PM
GET /loggedIn 7/22/2023, 1:07:12 PM
